C:\Program Files (x86)\Microsoft Visual Studio\2017\Community\Common7\IDE\VC\VCTargets\Microsoft.CppBuild.targets(387,5): warning MSB8028: The intermediate directory (Release\) contains files shared from another project (hellovr_opengl.vcxproj).  This can lead to incorrect clean and rebuild behavior.
  hellovr_opengl_main.cpp
hellovr_opengl_main.cpp(107): warning C4018: '>': signed/unsigned mismatch
hellovr_opengl_main.cpp(1683): warning C4244: 'argument': conversion from 'time_t' to 'unsigned int', possible loss of data
hellovr_opengl_main.cpp(1880): warning C4018: '<': signed/unsigned mismatch
hellovr_opengl_main.cpp(1986): warning C4305: 'initializing': truncation from 'double' to 'float'
hellovr_opengl_main.cpp(1987): warning C4305: 'initializing': truncation from 'double' to 'float'
hellovr_opengl_main.cpp(1988): warning C4305: 'initializing': truncation from 'double' to 'float'
hellovr_opengl_main.cpp(1992): warning C4244: 'initializing': conversion from 'FT_Pos' to 'float', possible loss of data
hellovr_opengl_main.cpp(1996): warning C4018: '<': signed/unsigned mismatch
hellovr_opengl_main.cpp(2015): warning C4018: '<': signed/unsigned mismatch
hellovr_opengl_main.cpp(2079): warning C4305: '=': truncation from 'double' to 'float'
hellovr_opengl_main.cpp(1957): warning C4101: 'bte': unreferenced local variable
hellovr_opengl_main.cpp(2178): warning C4018: '<': signed/unsigned mismatch
hellovr_opengl_main.cpp(2179): warning C4018: '<': signed/unsigned mismatch
hellovr_opengl_main.cpp(2184): warning C4244: 'argument': conversion from 'double' to 'float', possible loss of data
hellovr_opengl_main.cpp(2262): warning C4305: 'argument': truncation from 'double' to 'GLclampf'
  Generating code
  1 of 1322 functions ( 0.1%) were compiled, the rest were copied from previous compilation.
    0 functions were new in current compilation
    1 functions had inline decision re-evaluated but remain unchanged
  Finished generating code
  hellovr_opengl.vcxproj -> C:\Users\Sebastian\Documents\ProjectiveVisualizerVR\bin\ProjectiveViewerVR.exe
