c:\users\sebastian\documents\projectivevisualizervr\release\vc141.pdb
c:\users\sebastian\documents\projectivevisualizervr\release\variable.obj
c:\users\sebastian\documents\projectivevisualizervr\release\strtools.obj
c:\users\sebastian\documents\projectivevisualizervr\release\pathtools.obj
c:\users\sebastian\documents\projectivevisualizervr\release\matrices.obj
c:\users\sebastian\documents\projectivevisualizervr\release\lodepng.obj
c:\users\sebastian\documents\projectivevisualizervr\release\numericalterm.obj
c:\users\sebastian\documents\projectivevisualizervr\release\hellovr_opengl_main.obj
c:\users\sebastian\documents\projectivevisualizervr\release\binaryop.obj
c:\users\sebastian\documents\projectivevisualizervr\release\functionmesh.obj
c:\users\sebastian\documents\projectivevisualizervr\release\term.obj
c:\users\sebastian\documents\projectivevisualizervr\release\functioninputwindow.obj
c:\users\sebastian\documents\projectivevisualizervr\bin\projectiveviewervr.exe
c:\users\sebastian\documents\projectivevisualizervr\bin\projectiveviewervr.pdb
c:\users\sebastian\documents\projectivevisualizervr\bin\projectiveviewervr.ipdb
c:\users\sebastian\documents\projectivevisualizervr\bin\projectiveviewervr.iobj
c:\users\sebastian\documents\projectivevisualizervr\release\projecti.ff19f6ae.tlog\cl.command.1.tlog
c:\users\sebastian\documents\projectivevisualizervr\release\projecti.ff19f6ae.tlog\cl.read.1.tlog
c:\users\sebastian\documents\projectivevisualizervr\release\projecti.ff19f6ae.tlog\cl.write.1.tlog
c:\users\sebastian\documents\projectivevisualizervr\release\projecti.ff19f6ae.tlog\link.command.1.tlog
c:\users\sebastian\documents\projectivevisualizervr\release\projecti.ff19f6ae.tlog\link.read.1.tlog
c:\users\sebastian\documents\projectivevisualizervr\release\projecti.ff19f6ae.tlog\link.write.1.tlog
c:\users\sebastian\documents\projectivevisualizervr\release\projecti.ff19f6ae.tlog\projectiveviewervr.write.1u.tlog
